<?xml version="1.0" encoding="UTF-8"?>
<!-- Generated by org.testng.reporters.JUnitReportReporter -->
<testsuite hostname="localhost.localdomain" name="TestCase.TestHandleTab" tests="1" failures="0" timestamp="24 Jul 2014 01:42:58 GMT" time="126.007" errors="0">
  <testcase name="clickAndHandleTab" time="126.007" classname="TestCase.TestHandleTab"/>
</testsuite> <!-- TestCase.TestHandleTab -->
