<?xml version="1.0" encoding="UTF-8"?>
<!-- Generated by org.testng.reporters.JUnitReportReporter -->
<testsuite hostname="localhost.localdomain" name="TestCase.TestFeatureInBuyingAreaLine1" tests="1" failures="0" timestamp="24 Jul 2014 07:56:28 GMT" time="123.305" errors="0">
  <testcase name="testBuyingItem" time="123.305" classname="TestCase.TestFeatureInBuyingAreaLine1"/>
</testsuite> <!-- TestCase.TestFeatureInBuyingAreaLine1 -->
