<?xml version="1.0" encoding="UTF-8"?>
<!-- Generated by org.testng.reporters.JUnitReportReporter -->
<testsuite hostname="localhost.localdomain" name="TestCase.TestFeatureInBuyingArea" tests="1" failures="0" timestamp="23 Jul 2014 09:55:55 GMT" time="224.166" errors="0">
  <testcase name="testBuyingItem" time="224.166" classname="TestCase.TestFeatureInBuyingArea"/>
</testsuite> <!-- TestCase.TestFeatureInBuyingArea -->
