<?xml version="1.0" encoding="UTF-8"?>
<!-- Generated by org.testng.reporters.JUnitReportReporter -->
<testsuite hostname="localhost.localdomain" name="TestCase.TestChooseOptionsInLuxuryArea" tests="1" failures="0" timestamp="23 Jul 2014 03:16:05 GMT" time="49.284" errors="0">
  <testcase name="testChooseOptions" time="49.284" classname="TestCase.TestChooseOptionsInLuxuryArea"/>
</testsuite> <!-- TestCase.TestChooseOptionsInLuxuryArea -->
