<?xml version="1.0" encoding="UTF-8"?>
<!-- Generated by org.testng.reporters.JUnitReportReporter -->
<testsuite hostname="localhost.localdomain" name="testcase.TestHandleTab" tests="1" failures="0" timestamp="1 Aug 2014 01:38:01 GMT" time="64.663" errors="0">
  <testcase name="clickAndHandleTab" time="64.663" classname="testcase.TestHandleTab"/>
</testsuite> <!-- testcase.TestHandleTab -->
