<?xml version="1.0" encoding="UTF-8"?>
<!-- Generated by org.testng.reporters.JUnitReportReporter -->
<testsuite hostname="localhost.localdomain" name="testcase.TestFeatureInBuyingAreaLine1" tests="1" failures="0" timestamp="1 Aug 2014 03:01:17 GMT" time="1835.763" errors="0">
  <testcase name="testBuyingItem" time="1835.763" classname="testcase.TestFeatureInBuyingAreaLine1"/>
</testsuite> <!-- testcase.TestFeatureInBuyingAreaLine1 -->
