<?xml version="1.0" encoding="UTF-8"?>
<!-- Generated by org.testng.reporters.JUnitReportReporter -->
<testsuite hostname="localhost.localdomain" name="testcase.TestVerifyColor" tests="1" failures="0" timestamp="31 Jul 2014 03:04:50 GMT" time="10.580" errors="0">
  <testcase name="testVerifyColor" time="10.580" classname="testcase.TestVerifyColor"/>
</testsuite> <!-- testcase.TestVerifyColor -->
