<?xml version="1.0" encoding="UTF-8"?>
<!-- Generated by org.testng.reporters.JUnitReportReporter -->
<testsuite hostname="localhost.localdomain" name="TestCase.TestPrevNextImageArrow" tests="1" failures="0" timestamp="23 Jul 2014 06:58:15 GMT" time="136.691" errors="0">
  <testcase name="testClickImageArrow" time="136.691" classname="TestCase.TestPrevNextImageArrow"/>
</testsuite> <!-- TestCase.TestPrevNextImageArrow -->
