<?xml version="1.0" encoding="UTF-8"?>
<!-- Generated by org.testng.reporters.JUnitReportReporter -->
<testsuite hostname="localhost.localdomain" name="TestCase.HandleTab" tests="1" failures="0" timestamp="22 Jul 2014 02:58:02 GMT" time="350.663" errors="0">
  <testcase name="clickAndHandleTab" time="350.663" classname="TestCase.HandleTab"/>
</testsuite> <!-- TestCase.HandleTab -->
