<?xml version="1.0" encoding="UTF-8"?>
<!-- Generated by org.testng.reporters.JUnitReportReporter -->
<testsuite hostname="localhost.localdomain" name="testcase.TestIsImageLoaded" tests="1" failures="0" timestamp="28 Jul 2014 08:38:57 GMT" time="24.545" errors="0">
  <testcase name="testIsImageLoaded" time="24.545" classname="testcase.TestIsImageLoaded"/>
</testsuite> <!-- testcase.TestIsImageLoaded -->
