<?xml version="1.0" encoding="UTF-8"?>
<!-- Generated by org.testng.reporters.JUnitReportReporter -->
<testsuite hostname="localhost.localdomain" name="test.testGoogling" tests="1" failures="0" timestamp="4 Jul 2014 06:51:53 GMT" time="5.460" errors="0">
  <testcase name="testGoogle" time="5.460" classname="test.testGoogling"/>
</testsuite> <!-- test.testGoogling -->
