<?xml version="1.0" encoding="UTF-8"?>
<!-- Generated by org.testng.reporters.JUnitReportReporter -->
<testsuite hostname="localhost.localdomain" name="test.HandleTab" tests="1" failures="0" timestamp="21 Jul 2014 08:06:02 GMT" time="77.545" errors="0">
  <testcase name="clickAndHandleTab" time="77.545" classname="test.HandleTab"/>
</testsuite> <!-- test.HandleTab -->
