<?xml version="1.0" encoding="UTF-8"?>
<!-- Generated by org.testng.reporters.JUnitReportReporter -->
<testsuite hostname="localhost.localdomain" name="testcase.TestGoogling" tests="1" failures="0" timestamp="9 Sep 2014 08:12:06 GMT" time="0.435" errors="0">
  <testcase name="testGoogle" time="0.435" classname="testcase.TestGoogling"/>
</testsuite> <!-- testcase.TestGoogling -->
